<?xml version="1.0" encoding="UTF-8"?>
<testng-results ignored="0" total="5" passed="5" failed="0" skipped="0">
  <reporter-output>
  </reporter-output>
  <suite started-at="2023-07-27T15:12:16 IST" name="Default suite" finished-at="2023-07-27T15:12:27 IST" duration-ms="10893">
    <groups>
    </groups>
    <test started-at="2023-07-27T15:12:16 IST" name="Default test" finished-at="2023-07-27T15:12:27 IST" duration-ms="10893">
      <class name="testNGAnnotationFlags.ActiTimeDataProvider">
        <test-method signature="invalidLoginMethod(java.lang.String,java.lang.String)[pri:0, instance:testNGAnnotationFlags.ActiTimeDataProvider@4c60d6e9]" started-at="2023-07-27T15:12:16 IST" name="invalidLoginMethod" data-provider="actitimedata" finished-at="2023-07-27T15:12:19 IST" duration-ms="2825" status="PASS">
          <params>
            <param index="0">
              <value>
                <![CDATA[ad_min]]>
              </value>
            </param>
            <param index="1">
              <value>
                <![CDATA[man_ager]]>
              </value>
            </param>
          </params>
          <reporter-output>
          </reporter-output>
        </test-method> <!-- invalidLoginMethod -->
        <test-method signature="invalidLoginMethod(java.lang.String,java.lang.String)[pri:0, instance:testNGAnnotationFlags.ActiTimeDataProvider@4c60d6e9]" started-at="2023-07-27T15:12:19 IST" name="invalidLoginMethod" data-provider="actitimedata" finished-at="2023-07-27T15:12:21 IST" duration-ms="2001" status="PASS">
          <params>
            <param index="0">
              <value>
                <![CDATA[manager]]>
              </value>
            </param>
            <param index="1">
              <value>
                <![CDATA[admin]]>
              </value>
            </param>
          </params>
          <reporter-output>
          </reporter-output>
        </test-method> <!-- invalidLoginMethod -->
        <test-method signature="invalidLoginMethod(java.lang.String,java.lang.String)[pri:0, instance:testNGAnnotationFlags.ActiTimeDataProvider@4c60d6e9]" started-at="2023-07-27T15:12:21 IST" name="invalidLoginMethod" data-provider="actitimedata" finished-at="2023-07-27T15:12:23 IST" duration-ms="1994" status="PASS">
          <params>
            <param index="0">
              <value>
                <![CDATA[@admin]]>
              </value>
            </param>
            <param index="1">
              <value>
                <![CDATA[@manager]]>
              </value>
            </param>
          </params>
          <reporter-output>
          </reporter-output>
        </test-method> <!-- invalidLoginMethod -->
        <test-method signature="invalidLoginMethod(java.lang.String,java.lang.String)[pri:0, instance:testNGAnnotationFlags.ActiTimeDataProvider@4c60d6e9]" started-at="2023-07-27T15:12:23 IST" name="invalidLoginMethod" data-provider="actitimedata" finished-at="2023-07-27T15:12:25 IST" duration-ms="2004" status="PASS">
          <params>
            <param index="0">
              <value>
                <![CDATA[admin123]]>
              </value>
            </param>
            <param index="1">
              <value>
                <![CDATA[manager123]]>
              </value>
            </param>
          </params>
          <reporter-output>
          </reporter-output>
        </test-method> <!-- invalidLoginMethod -->
        <test-method signature="invalidLoginMethod(java.lang.String,java.lang.String)[pri:0, instance:testNGAnnotationFlags.ActiTimeDataProvider@4c60d6e9]" started-at="2023-07-27T15:12:25 IST" name="invalidLoginMethod" data-provider="actitimedata" finished-at="2023-07-27T15:12:27 IST" duration-ms="2003" status="PASS">
          <params>
            <param index="0">
              <value>
                <![CDATA[123admin]]>
              </value>
            </param>
            <param index="1">
              <value>
                <![CDATA[123manager]]>
              </value>
            </param>
          </params>
          <reporter-output>
          </reporter-output>
        </test-method> <!-- invalidLoginMethod -->
      </class> <!-- testNGAnnotationFlags.ActiTimeDataProvider -->
    </test> <!-- Default test -->
  </suite> <!-- Default suite -->
</testng-results>
