<?xml version="1.0" encoding="UTF-8"?>
<!-- Generated by org.testng.reporters.JUnitXMLReporter -->
<testsuite ignored="1" hostname="Soni" failures="1" tests="1" name="Test(failed)" time="0.059" errors="0" timestamp="2023-07-17T16:04:33 IST">
  <testcase classname="testNGPack2.Sumo1" name="method6" time="0.01">
    <failure type="java.lang.ArithmeticException" message="/ by zero">
      <![CDATA[java.lang.ArithmeticException: / by zero
at testNGPack2.Sumo1.method6(Sumo1.java:15)
at java.base/java.util.ArrayList.forEach(ArrayList.java:1511)
... Removed 27 stack frames]]>
    </failure>
  </testcase> <!-- method6 -->
  <testcase classname="testNGPack2.Sumo1" name="method5" time="0.0">
    <ignored/>
  </testcase> <!-- method5 -->
</testsuite> <!-- Test(failed) -->
