<?xml version="1.0" encoding="UTF-8"?>
<!-- Generated by org.testng.reporters.JUnitXMLReporter -->
<testsuite ignored="0" hostname="Soni" failures="0" tests="5" name="Default test" time="10.893" errors="0" timestamp="2023-07-27T15:12:27 IST">
  <testcase classname="testNGAnnotationFlags.ActiTimeDataProvider" name="invalidLoginMethod" time="2.825"/>
  <testcase classname="testNGAnnotationFlags.ActiTimeDataProvider" name="invalidLoginMethod" time="2.001"/>
  <testcase classname="testNGAnnotationFlags.ActiTimeDataProvider" name="invalidLoginMethod" time="1.994"/>
  <testcase classname="testNGAnnotationFlags.ActiTimeDataProvider" name="invalidLoginMethod" time="2.004"/>
  <testcase classname="testNGAnnotationFlags.ActiTimeDataProvider" name="invalidLoginMethod" time="2.003"/>
</testsuite> <!-- Default test -->
